  [1m[36m (1.7ms)[0m  [1mCREATE TABLE "schema_migrations" ("version" varchar NOT NULL) [0m
  [1m[35m (0.1ms)[0m  select sqlite_version(*)
  [1m[36m (1.6ms)[0m  [1mCREATE UNIQUE INDEX "unique_schema_migrations" ON "schema_migrations" ("version")[0m
  [1m[35mActiveRecord::SchemaMigration Load (0.1ms)[0m  SELECT "schema_migrations".* FROM "schema_migrations"


Started GET "/" for ::1 at 2015-11-17 17:47:54 -0600
Processing by Rails::WelcomeController#index as HTML
  Rendered /Users/admin/.rvm/gems/ruby-2.1.2/gems/railties-4.2.3/lib/rails/templates/rails/welcome/index.html.erb (2.8ms)
Completed 200 OK in 27ms (Views: 19.4ms | ActiveRecord: 0.0ms)


Started GET "/" for 127.0.0.1 at 2016-01-31 17:03:38 -0500
Processing by Rails::WelcomeController#index as HTML
  Rendered /Users/Corey/.rvm/gems/ruby-2.2.1/gems/railties-4.2.3/lib/rails/templates/rails/welcome/index.html.erb (2.1ms)
Completed 200 OK in 76ms (Views: 49.4ms | ActiveRecord: 0.0ms)


Started GET "/" for 127.0.0.1 at 2016-01-31 17:03:41 -0500
Processing by Rails::WelcomeController#index as HTML
  Rendered /Users/Corey/.rvm/gems/ruby-2.2.1/gems/railties-4.2.3/lib/rails/templates/rails/welcome/index.html.erb (3.5ms)
Completed 200 OK in 20ms (Views: 10.2ms | ActiveRecord: 0.0ms)
  [1m[36mActiveRecord::SchemaMigration Load (6.3ms)[0m  [1mSELECT "schema_migrations".* FROM "schema_migrations"[0m
Migrating to CreateStudents (20160207212217)
  [1m[35m (0.1ms)[0m  begin transaction
  [1m[36m (0.7ms)[0m  [1mCREATE TABLE "students" ("id" INTEGER PRIMARY KEY AUTOINCREMENT NOT NULL, "first_name" varchar, "last_name" varchar) [0m
  [1m[35mSQL (0.5ms)[0m  INSERT INTO "schema_migrations" ("version") VALUES (?)  [["version", "20160207212217"]]
  [1m[36m (28.9ms)[0m  [1mcommit transaction[0m
  [1m[35mActiveRecord::SchemaMigration Load (0.2ms)[0m  SELECT "schema_migrations".* FROM "schema_migrations"
